# JRE version: Java(TM) SE Runtime Environment (8.0_162-b12) (build 1.8.0_162-b12)
# Java VM: Java HotSpot(TM) 64-Bit Server VM (25.162-b12 mixed mode windows-amd64 compressed oops)
Heap:
 PSYoungGen      total 44032K, used 2965K [0x000000076b180000, 0x0000000773100000, 0x00000007c0000000)
  eden space 43520K, 6% used [0x000000076b180000,0x000000076b425418,0x000000076dc00000)
  from space 512K, 50% used [0x0000000773000000,0x0000000773040000,0x0000000773080000)
  to   space 512K, 0% used [0x0000000773080000,0x0000000773080000,0x0000000773100000)
 ParOldGen       total 179712K, used 141051K [0x00000006c1400000, 0x00000006cc380000, 0x000000076b180000)
  object space 179712K, 78% used [0x00000006c1400000,0x00000006c9dbecb8,0x00000006cc380000)
 Metaspace       used 75684K, capacity 82320K, committed 82392K, reserved 1120256K
  class space    used 10040K, capacity 11205K, committed 11264K, reserved 1048576K
GC Heap History (10 events):
Event: 244941.018 GC heap before
{Heap before GC invocations=1481 (full 10):
 PSYoungGen      total 44032K, used 43808K [0x000000076b180000, 0x0000000773100000, 0x00000007c0000000)
  eden space 43520K, 100% used [0x000000076b180000,0x000000076dc00000,0x000000076dc00000)
  from space 512K, 56% used [0x0000000773080000,0x00000007730c8000,0x0000000773100000)
  to   space 512K, 0% used [0x0000000773000000,0x0000000773000000,0x0000000773080000)
 ParOldGen       total 179712K, used 141051K [0x00000006c1400000, 0x00000006cc380000, 0x000000076b180000)
  object space 179712K, 78% used [0x00000006c1400000,0x00000006c9dbecb8,0x00000006cc380000)
 Metaspace       used 75684K, capacity 82320K, committed 82392K, reserved 1120256K
  class space    used 10040K, capacity 11205K, committed 11264K, reserved 1048576K
Event: 244941.020 GC heap after
Heap after GC invocations=1481 (full 10):
 PSYoungGen      total 44032K, used 160K [0x000000076b180000, 0x0000000773100000, 0x00000007c0000000)
  eden space 43520K, 0% used [0x000000076b180000,0x000000076b180000,0x000000076dc00000)
  from space 512K, 31% used [0x0000000773000000,0x0000000773028000,0x0000000773080000)
  to   space 512K, 0% used [0x0000000773080000,0x0000000773080000,0x0000000773100000)
 ParOldGen       total 179712K, used 141051K [0x00000006c1400000, 0x00000006cc380000, 0x000000076b180000)
  object space 179712K, 78% used [0x00000006c1400000,0x00000006c9dbecb8,0x00000006cc380000)
 Metaspace       used 75684K, capacity 82320K, committed 82392K, reserved 1120256K
  class space    used 10040K, capacity 11205K, committed 11264K, reserved 1048576K
}
Event: 245020.039 GC heap before
{Heap before GC invocations=1482 (full 10):
 PSYoungGen      total 44032K, used 43680K [0x000000076b180000, 0x0000000773100000, 0x00000007c0000000)
  eden space 43520K, 100% used [0x000000076b180000,0x000000076dc00000,0x000000076dc00000)
  from space 512K, 31% used [0x0000000773000000,0x0000000773028000,0x0000000773080000)
  to   space 512K, 0% used [0x0000000773080000,0x0000000773080000,0x0000000773100000)
 ParOldGen       total 179712K, used 141051K [0x00000006c1400000, 0x00000006cc380000, 0x000000076b180000)
  object space 179712K, 78% used [0x00000006c1400000,0x00000006c9dbecb8,0x00000006cc380000)
 Metaspace       used 75684K, capacity 82320K, committed 82392K, reserved 1120256K
  class space    used 10040K, capacity 11205K, committed 11264K, reserved 1048576K
Event: 245020.042 GC heap after
Heap after GC invocations=1482 (full 10):
 PSYoungGen      total 44032K, used 288K [0x000000076b180000, 0x0000000773100000, 0x00000007c0000000)
  eden space 43520K, 0% used [0x000000076b180000,0x000000076b180000,0x000000076dc00000)
  from space 512K, 56% used [0x0000000773080000,0x00000007730c8000,0x0000000773100000)
  to   space 512K, 0% used [0x0000000773000000,0x0000000773000000,0x0000000773080000)
 ParOldGen       total 179712K, used 141051K [0x00000006c1400000, 0x00000006cc380000, 0x000000076b180000)
  object space 179712K, 78% used [0x00000006c1400000,0x00000006c9dbecb8,0x00000006cc380000)
 Metaspace       used 75684K, capacity 82320K, committed 82392K, reserved 1120256K
  class space    used 10040K, capacity 11205K, committed 11264K, reserved 1048576K
}
Event: 245097.917 GC heap before
{Heap before GC invocations=1483 (full 10):
 PSYoungGen      total 44032K, used 43808K [0x000000076b180000, 0x0000000773100000, 0x00000007c0000000)
  eden space 43520K, 100% used [0x000000076b180000,0x000000076dc00000,0x000000076dc00000)
  from space 512K, 56% used [0x0000000773080000,0x00000007730c8000,0x0000000773100000)
  to   space 512K, 0% used [0x0000000773000000,0x0000000773000000,0x0000000773080000)
 ParOldGen       total 179712K, used 141051K [0x00000006c1400000, 0x00000006cc380000, 0x000000076b180000)
  object space 179712K, 78% used [0x00000006c1400000,0x00000006c9dbecb8,0x00000006cc380000)
 Metaspace       used 75684K, capacity 82320K, committed 82392K, reserved 1120256K
  class space    used 10040K, capacity 11205K, committed 11264K, reserved 1048576K
Event: 245097.921 GC heap after
Heap after GC invocations=1483 (full 10):
 PSYoungGen      total 44032K, used 224K [0x000000076b180000, 0x0000000773100000, 0x00000007c0000000)
  eden space 43520K, 0% used [0x000000076b180000,0x000000076b180000,0x000000076dc00000)
  from space 512K, 43% used [0x0000000773000000,0x0000000773038000,0x0000000773080000)
  to   space 512K, 0% used [0x0000000773080000,0x0000000773080000,0x0000000773100000)
 ParOldGen       total 179712K, used 141051K [0x00000006c1400000, 0x00000006cc380000, 0x000000076b180000)
  object space 179712K, 78% used [0x00000006c1400000,0x00000006c9dbecb8,0x00000006cc380000)
 Metaspace       used 75684K, capacity 82320K, committed 82392K, reserved 1120256K
  class space    used 10040K, capacity 11205K, committed 11264K, reserved 1048576K
}
Event: 245176.551 GC heap before
{Heap before GC invocations=1484 (full 10):
 PSYoungGen      total 44032K, used 43744K [0x000000076b180000, 0x0000000773100000, 0x00000007c0000000)
  eden space 43520K, 100% used [0x000000076b180000,0x000000076dc00000,0x000000076dc00000)
  from space 512K, 43% used [0x0000000773000000,0x0000000773038000,0x0000000773080000)
  to   space 512K, 0% used [0x0000000773080000,0x0000000773080000,0x0000000773100000)
 ParOldGen       total 179712K, used 141051K [0x00000006c1400000, 0x00000006cc380000, 0x000000076b180000)
  object space 179712K, 78% used [0x00000006c1400000,0x00000006c9dbecb8,0x00000006cc380000)
 Metaspace       used 75684K, capacity 82320K, committed 82392K, reserved 1120256K
  class space    used 10040K, capacity 11205K, committed 11264K, reserved 1048576K
Event: 245176.554 GC heap after
Heap after GC invocations=1484 (full 10):
 PSYoungGen      total 44032K, used 256K [0x000000076b180000, 0x0000000773100000, 0x00000007c0000000)
  eden space 43520K, 0% used [0x000000076b180000,0x000000076b180000,0x000000076dc00000)
  from space 512K, 50% used [0x0000000773080000,0x00000007730c0000,0x0000000773100000)
  to   space 512K, 0% used [0x0000000773000000,0x0000000773000000,0x0000000773080000)
 ParOldGen       total 179712K, used 141051K [0x00000006c1400000, 0x00000006cc380000, 0x000000076b180000)
  object space 179712K, 78% used [0x00000006c1400000,0x00000006c9dbecb8,0x00000006cc380000)
 Metaspace       used 75684K, capacity 82320K, committed 82392K, reserved 1120256K
  class space    used 10040K, capacity 11205K, committed 11264K, reserved 1048576K
}
Event: 245255.229 GC heap before
{Heap before GC invocations=1485 (full 10):
 PSYoungGen      total 44032K, used 43776K [0x000000076b180000, 0x0000000773100000, 0x00000007c0000000)
  eden space 43520K, 100% used [0x000000076b180000,0x000000076dc00000,0x000000076dc00000)
  from space 512K, 50% used [0x0000000773080000,0x00000007730c0000,0x0000000773100000)
  to   space 512K, 0% used [0x0000000773000000,0x0000000773000000,0x0000000773080000)
 ParOldGen       total 179712K, used 141051K [0x00000006c1400000, 0x00000006cc380000, 0x000000076b180000)
  object space 179712K, 78% used [0x00000006c1400000,0x00000006c9dbecb8,0x00000006cc380000)
 Metaspace       used 75684K, capacity 82320K, committed 82392K, reserved 1120256K
  class space    used 10040K, capacity 11205K, committed 11264K, reserved 1048576K
Event: 245255.235 GC heap after
Heap after GC invocations=1485 (full 10):
 PSYoungGen      total 44032K, used 256K [0x000000076b180000, 0x0000000773100000, 0x00000007c0000000)
  eden space 43520K, 0% used [0x000000076b180000,0x000000076b180000,0x000000076dc00000)
  from space 512K, 50% used [0x0000000773000000,0x0000000773040000,0x0000000773080000)
  to   space 512K, 0% used [0x0000000773080000,0x0000000773080000,0x0000000773100000)
 ParOldGen       total 179712K, used 141051K [0x00000006c1400000, 0x00000006cc380000, 0x000000076b180000)
  object space 179712K, 78% used [0x00000006c1400000,0x00000006c9dbecb8,0x00000006cc380000)
 Metaspace       used 75684K, capacity 82320K, committed 82392K, reserved 1120256K
  class space    used 10040K, capacity 11205K, committed 11264K, reserved 1048576K
}

